<?xml version="1.0" encoding="UTF-8"?>
<coverage generated="1774981363295" clover="3.2.0">
  <project timestamp="1774981363296" name="All files">
    <metrics statements="150" coveredstatements="150" conditionals="46" coveredconditionals="43" methods="8" coveredmethods="8" elements="204" coveredelements="201" complexity="0" loc="150" ncloc="150" packages="1" files="1" classes="1"/>
    <file name="calculationEngine.ts" path="/home/runner/work/portfolio-manage/portfolio-manage/src/domain/pl/calculationEngine.ts">
      <metrics statements="150" coveredstatements="150" conditionals="46" coveredconditionals="43" methods="8" coveredmethods="8"/>
      <line num="29" count="1" type="cond" truecount="1" falsecount="0"/>
      <line num="30" count="16" type="cond" truecount="1" falsecount="0"/>
      <line num="32" count="1" type="cond" truecount="2" falsecount="0"/>
      <line num="34" count="1" type="cond" truecount="1" falsecount="0"/>
      <line num="35" count="18" type="stmt"/>
      <line num="36" count="18" type="cond" truecount="2" falsecount="0"/>
      <line num="37" count="16" type="cond" truecount="1" falsecount="0"/>
      <line num="38" count="16" type="stmt"/>
      <line num="40" count="1" type="cond" truecount="1" falsecount="0"/>
      <line num="41" count="29" type="stmt"/>
      <line num="42" count="29" type="cond" truecount="2" falsecount="0"/>
      <line num="44" count="18" type="stmt"/>
      <line num="45" count="18" type="stmt"/>
      <line num="46" count="18" type="stmt"/>
      <line num="47" count="18" type="stmt"/>
      <line num="48" count="18" type="stmt"/>
      <line num="49" count="18" type="stmt"/>
      <line num="50" count="18" type="stmt"/>
      <line num="51" count="18" type="stmt"/>
      <line num="52" count="18" type="stmt"/>
      <line num="53" count="18" type="stmt"/>
      <line num="54" count="18" type="stmt"/>
      <line num="55" count="18" type="stmt"/>
      <line num="57" count="1" type="cond" truecount="1" falsecount="0"/>
      <line num="58" count="8" type="stmt"/>
      <line num="59" count="8" type="stmt"/>
      <line num="60" count="8" type="stmt"/>
      <line num="61" count="8" type="stmt"/>
      <line num="62" count="8" type="cond" truecount="1" falsecount="0"/>
      <line num="63" count="1" type="stmt"/>
      <line num="64" count="1" type="stmt"/>
      <line num="65" count="1" type="cond" truecount="0" falsecount="1"/>
      <line num="66" count="1" type="stmt"/>
      <line num="67" count="1" type="stmt"/>
      <line num="68" count="1" type="stmt"/>
      <line num="69" count="1" type="stmt"/>
      <line num="70" count="1" type="stmt"/>
      <line num="71" count="1" type="stmt"/>
      <line num="72" count="1" type="cond" truecount="1" falsecount="0"/>
      <line num="74" count="7" type="stmt"/>
      <line num="75" count="7" type="stmt"/>
      <line num="76" count="8" type="stmt"/>
      <line num="77" count="8" type="stmt"/>
      <line num="78" count="8" type="cond" truecount="0" falsecount="1"/>
      <line num="79" count="8" type="stmt"/>
      <line num="80" count="8" type="stmt"/>
      <line num="81" count="8" type="stmt"/>
      <line num="82" count="8" type="stmt"/>
      <line num="83" count="8" type="cond" truecount="1" falsecount="0"/>
      <line num="84" count="8" type="cond" truecount="1" falsecount="0"/>
      <line num="86" count="7" type="stmt"/>
      <line num="87" count="7" type="stmt"/>
      <line num="89" count="1" type="cond" truecount="1" falsecount="0"/>
      <line num="90" count="18" type="stmt"/>
      <line num="91" count="18" type="stmt"/>
      <line num="93" count="18" type="stmt"/>
      <line num="94" count="18" type="cond" truecount="1" falsecount="0"/>
      <line num="95" count="1" type="stmt"/>
      <line num="96" count="1" type="stmt"/>
      <line num="97" count="1" type="stmt"/>
      <line num="98" count="1" type="stmt"/>
      <line num="99" count="1" type="stmt"/>
      <line num="100" count="1" type="stmt"/>
      <line num="101" count="1" type="stmt"/>
      <line num="103" count="18" type="cond" truecount="1" falsecount="0"/>
      <line num="104" count="17" type="stmt"/>
      <line num="105" count="17" type="stmt"/>
      <line num="106" count="17" type="stmt"/>
      <line num="107" count="17" type="stmt"/>
      <line num="108" count="18" type="stmt"/>
      <line num="110" count="1" type="cond" truecount="1" falsecount="0"/>
      <line num="111" count="11" type="stmt"/>
      <line num="112" count="11" type="stmt"/>
      <line num="113" count="11" type="stmt"/>
      <line num="114" count="11" type="stmt"/>
      <line num="115" count="11" type="stmt"/>
      <line num="116" count="11" type="stmt"/>
      <line num="117" count="11" type="stmt"/>
      <line num="119" count="11" type="stmt"/>
      <line num="120" count="11" type="cond" truecount="1" falsecount="0"/>
      <line num="121" count="7" type="stmt"/>
      <line num="122" count="7" type="stmt"/>
      <line num="123" count="7" type="stmt"/>
      <line num="124" count="7" type="stmt"/>
      <line num="125" count="7" type="stmt"/>
      <line num="126" count="7" type="stmt"/>
      <line num="127" count="7" type="stmt"/>
      <line num="129" count="11" type="cond" truecount="1" falsecount="0"/>
      <line num="130" count="5" type="cond" truecount="1" falsecount="0"/>
      <line num="131" count="1" type="stmt"/>
      <line num="132" count="1" type="cond" truecount="1" falsecount="0"/>
      <line num="133" count="4" type="stmt"/>
      <line num="134" count="4" type="stmt"/>
      <line num="135" count="4" type="stmt"/>
      <line num="136" count="4" type="stmt"/>
      <line num="137" count="11" type="stmt"/>
      <line num="139" count="1" type="cond" truecount="1" falsecount="0"/>
      <line num="140" count="17" type="stmt"/>
      <line num="141" count="17" type="stmt"/>
      <line num="142" count="17" type="stmt"/>
      <line num="143" count="17" type="stmt"/>
      <line num="144" count="17" type="stmt"/>
      <line num="145" count="17" type="cond" truecount="1" falsecount="0"/>
      <line num="146" count="1" type="stmt"/>
      <line num="147" count="1" type="stmt"/>
      <line num="148" count="1" type="stmt"/>
      <line num="149" count="1" type="stmt"/>
      <line num="150" count="1" type="stmt"/>
      <line num="151" count="1" type="stmt"/>
      <line num="152" count="1" type="cond" truecount="1" falsecount="0"/>
      <line num="154" count="16" type="stmt"/>
      <line num="155" count="17" type="cond" truecount="1" falsecount="0"/>
      <line num="156" count="29" type="stmt"/>
      <line num="157" count="29" type="cond" truecount="1" falsecount="0"/>
      <line num="158" count="18" type="stmt"/>
      <line num="159" count="18" type="stmt"/>
      <line num="160" count="18" type="cond" truecount="1" falsecount="0"/>
      <line num="162" count="29" type="cond" truecount="0" falsecount="1"/>
      <line num="163" count="29" type="stmt"/>
      <line num="164" count="29" type="cond" truecount="1" falsecount="0"/>
      <line num="166" count="15" type="cond" truecount="1" falsecount="0"/>
      <line num="167" count="17" type="stmt"/>
      <line num="168" count="17" type="stmt"/>
      <line num="169" count="17" type="stmt"/>
      <line num="170" count="17" type="cond" truecount="2" falsecount="0"/>
      <line num="171" count="17" type="cond" truecount="2" falsecount="0"/>
      <line num="172" count="17" type="cond" truecount="2" falsecount="0"/>
      <line num="174" count="17" type="cond" truecount="1" falsecount="0"/>
      <line num="175" count="4" type="cond" truecount="1" falsecount="0"/>
      <line num="176" count="13" type="stmt"/>
      <line num="178" count="17" type="stmt"/>
      <line num="179" count="17" type="stmt"/>
      <line num="180" count="17" type="stmt"/>
      <line num="181" count="17" type="stmt"/>
      <line num="182" count="17" type="stmt"/>
      <line num="183" count="17" type="stmt"/>
      <line num="184" count="17" type="stmt"/>
      <line num="185" count="17" type="stmt"/>
      <line num="186" count="17" type="stmt"/>
      <line num="187" count="17" type="stmt"/>
      <line num="188" count="17" type="stmt"/>
      <line num="189" count="17" type="stmt"/>
      <line num="190" count="15" type="stmt"/>
      <line num="192" count="15" type="stmt"/>
      <line num="193" count="15" type="stmt"/>
      <line num="194" count="15" type="cond" truecount="1" falsecount="0"/>
      <line num="195" count="15" type="cond" truecount="1" falsecount="0"/>
      <line num="196" count="15" type="cond" truecount="1" falsecount="0"/>
      <line num="197" count="15" type="stmt"/>
      <line num="198" count="15" type="stmt"/>
    </file>
  </project>
</coverage>
