{"/home/runner/work/portfolio-manage/portfolio-manage/src/domain/pl/calculationEngine.ts": {"path":"/home/runner/work/portfolio-manage/portfolio-manage/src/domain/pl/calculationEngine.ts","all":false,"statementMap":{"28":{"start":{"line":29,"column":0},"end":{"line":29,"column":48}},"29":{"start":{"line":30,"column":0},"end":{"line":30,"column":103}},"31":{"start":{"line":32,"column":0},"end":{"line":32,"column":85}},"33":{"start":{"line":34,"column":0},"end":{"line":34,"column":47}},"34":{"start":{"line":35,"column":0},"end":{"line":35,"column":28}},"35":{"start":{"line":36,"column":0},"end":{"line":36,"column":20}},"36":{"start":{"line":37,"column":0},"end":{"line":37,"column":74}},"37":{"start":{"line":38,"column":0},"end":{"line":38,"column":1}},"39":{"start":{"line":40,"column":0},"end":{"line":40,"column":102}},"40":{"start":{"line":41,"column":0},"end":{"line":41,"column":46}},"41":{"start":{"line":42,"column":0},"end":{"line":42,"column":31}},"43":{"start":{"line":44,"column":0},"end":{"line":44,"column":40}},"44":{"start":{"line":45,"column":0},"end":{"line":45,"column":37}},"45":{"start":{"line":46,"column":0},"end":{"line":46,"column":25}},"46":{"start":{"line":47,"column":0},"end":{"line":47,"column":27}},"47":{"start":{"line":48,"column":0},"end":{"line":48,"column":17}},"48":{"start":{"line":49,"column":0},"end":{"line":49,"column":18}},"49":{"start":{"line":50,"column":0},"end":{"line":50,"column":19}},"50":{"start":{"line":51,"column":0},"end":{"line":51,"column":17}},"51":{"start":{"line":52,"column":0},"end":{"line":52,"column":3}},"52":{"start":{"line":53,"column":0},"end":{"line":53,"column":38}},"53":{"start":{"line":54,"column":0},"end":{"line":54,"column":16}},"54":{"start":{"line":55,"column":0},"end":{"line":55,"column":1}},"56":{"start":{"line":57,"column":0},"end":{"line":57,"column":21}},"57":{"start":{"line":58,"column":0},"end":{"line":58,"column":14}},"58":{"start":{"line":59,"column":0},"end":{"line":59,"column":19}},"59":{"start":{"line":60,"column":0},"end":{"line":60,"column":35}},"60":{"start":{"line":61,"column":0},"end":{"line":61,"column":30}},"61":{"start":{"line":62,"column":0},"end":{"line":62,"column":43}},"62":{"start":{"line":63,"column":0},"end":{"line":63,"column":34}},"63":{"start":{"line":64,"column":0},"end":{"line":64,"column":34}},"64":{"start":{"line":65,"column":0},"end":{"line":65,"column":88}},"65":{"start":{"line":66,"column":0},"end":{"line":66,"column":43}},"66":{"start":{"line":67,"column":0},"end":{"line":67,"column":19}},"67":{"start":{"line":68,"column":0},"end":{"line":68,"column":27}},"68":{"start":{"line":69,"column":0},"end":{"line":69,"column":54}},"69":{"start":{"line":70,"column":0},"end":{"line":70,"column":5}},"70":{"start":{"line":71,"column":0},"end":{"line":71,"column":41}},"71":{"start":{"line":72,"column":0},"end":{"line":72,"column":3}},"73":{"start":{"line":74,"column":0},"end":{"line":74,"column":26}},"74":{"start":{"line":75,"column":0},"end":{"line":75,"column":20}},"75":{"start":{"line":76,"column":0},"end":{"line":76,"column":25}},"76":{"start":{"line":77,"column":0},"end":{"line":77,"column":23}},"77":{"start":{"line":78,"column":0},"end":{"line":78,"column":74}},"78":{"start":{"line":79,"column":0},"end":{"line":79,"column":49}},"79":{"start":{"line":80,"column":0},"end":{"line":80,"column":42}},"80":{"start":{"line":81,"column":0},"end":{"line":81,"column":23}},"81":{"start":{"line":82,"column":0},"end":{"line":82,"column":25}},"82":{"start":{"line":83,"column":0},"end":{"line":83,"column":30}},"83":{"start":{"line":84,"column":0},"end":{"line":84,"column":3}},"85":{"start":{"line":86,"column":0},"end":{"line":86,"column":23}},"86":{"start":{"line":87,"column":0},"end":{"line":87,"column":1}},"88":{"start":{"line":89,"column":0},"end":{"line":89,"column":107}},"89":{"start":{"line":90,"column":0},"end":{"line":90,"column":33}},"90":{"start":{"line":91,"column":0},"end":{"line":91,"column":35}},"92":{"start":{"line":93,"column":0},"end":{"line":93,"column":51}},"93":{"start":{"line":94,"column":0},"end":{"line":94,"column":25}},"94":{"start":{"line":95,"column":0},"end":{"line":95,"column":57}},"95":{"start":{"line":96,"column":0},"end":{"line":96,"column":64}},"96":{"start":{"line":97,"column":0},"end":{"line":97,"column":92}},"97":{"start":{"line":98,"column":0},"end":{"line":98,"column":58}},"98":{"start":{"line":99,"column":0},"end":{"line":99,"column":49}},"99":{"start":{"line":100,"column":0},"end":{"line":100,"column":28}},"100":{"start":{"line":101,"column":0},"end":{"line":101,"column":3}},"102":{"start":{"line":103,"column":0},"end":{"line":103,"column":25}},"103":{"start":{"line":104,"column":0},"end":{"line":104,"column":68}},"104":{"start":{"line":105,"column":0},"end":{"line":105,"column":79}},"105":{"start":{"line":106,"column":0},"end":{"line":106,"column":70}},"106":{"start":{"line":107,"column":0},"end":{"line":107,"column":3}},"107":{"start":{"line":108,"column":0},"end":{"line":108,"column":1}},"109":{"start":{"line":110,"column":0},"end":{"line":110,"column":19}},"110":{"start":{"line":111,"column":0},"end":{"line":111,"column":32}},"111":{"start":{"line":112,"column":0},"end":{"line":112,"column":15}},"112":{"start":{"line":113,"column":0},"end":{"line":113,"column":35}},"113":{"start":{"line":114,"column":0},"end":{"line":114,"column":22}},"114":{"start":{"line":115,"column":0},"end":{"line":115,"column":12}},"115":{"start":{"line":116,"column":0},"end":{"line":116,"column":33}},"116":{"start":{"line":117,"column":0},"end":{"line":117,"column":35}},"118":{"start":{"line":119,"column":0},"end":{"line":119,"column":49}},"119":{"start":{"line":120,"column":0},"end":{"line":120,"column":24}},"120":{"start":{"line":121,"column":0},"end":{"line":121,"column":56}},"121":{"start":{"line":122,"column":0},"end":{"line":122,"column":64}},"122":{"start":{"line":123,"column":0},"end":{"line":123,"column":90}},"123":{"start":{"line":124,"column":0},"end":{"line":124,"column":59}},"124":{"start":{"line":125,"column":0},"end":{"line":125,"column":49}},"125":{"start":{"line":126,"column":0},"end":{"line":126,"column":28}},"126":{"start":{"line":127,"column":0},"end":{"line":127,"column":3}},"128":{"start":{"line":129,"column":0},"end":{"line":129,"column":25}},"129":{"start":{"line":130,"column":0},"end":{"line":130,"column":22}},"130":{"start":{"line":131,"column":0},"end":{"line":131,"column":76}},"131":{"start":{"line":132,"column":0},"end":{"line":132,"column":5}},"132":{"start":{"line":133,"column":0},"end":{"line":133,"column":68}},"133":{"start":{"line":134,"column":0},"end":{"line":134,"column":80}},"134":{"start":{"line":135,"column":0},"end":{"line":135,"column":72}},"135":{"start":{"line":136,"column":0},"end":{"line":136,"column":3}},"136":{"start":{"line":137,"column":0},"end":{"line":137,"column":1}},"138":{"start":{"line":139,"column":0},"end":{"line":139,"column":34}},"139":{"start":{"line":140,"column":0},"end":{"line":140,"column":9}},"140":{"start":{"line":141,"column":0},"end":{"line":141,"column":21}},"141":{"start":{"line":142,"column":0},"end":{"line":142,"column":27}},"142":{"start":{"line":143,"column":0},"end":{"line":143,"column":72}},"143":{"start":{"line":144,"column":0},"end":{"line":144,"column":52}},"144":{"start":{"line":145,"column":0},"end":{"line":145,"column":28}},"145":{"start":{"line":146,"column":0},"end":{"line":146,"column":12}},"146":{"start":{"line":147,"column":0},"end":{"line":147,"column":20}},"147":{"start":{"line":148,"column":0},"end":{"line":148,"column":26}},"148":{"start":{"line":149,"column":0},"end":{"line":149,"column":28}},"149":{"start":{"line":150,"column":0},"end":{"line":150,"column":19}},"150":{"start":{"line":151,"column":0},"end":{"line":151,"column":5}},"151":{"start":{"line":152,"column":0},"end":{"line":152,"column":3}},"153":{"start":{"line":154,"column":0},"end":{"line":154,"column":52}},"154":{"start":{"line":155,"column":0},"end":{"line":155,"column":43}},"155":{"start":{"line":156,"column":0},"end":{"line":156,"column":47}},"156":{"start":{"line":157,"column":0},"end":{"line":157,"column":42}},"157":{"start":{"line":158,"column":0},"end":{"line":158,"column":48}},"158":{"start":{"line":159,"column":0},"end":{"line":159,"column":14}},"159":{"start":{"line":160,"column":0},"end":{"line":160,"column":5}},"161":{"start":{"line":162,"column":0},"end":{"line":162,"column":66}},"162":{"start":{"line":163,"column":0},"end":{"line":163,"column":59}},"163":{"start":{"line":164,"column":0},"end":{"line":164,"column":3}},"165":{"start":{"line":166,"column":0},"end":{"line":166,"column":64}},"166":{"start":{"line":167,"column":0},"end":{"line":167,"column":47}},"167":{"start":{"line":168,"column":0},"end":{"line":168,"column":49}},"168":{"start":{"line":169,"column":0},"end":{"line":169,"column":32}},"169":{"start":{"line":170,"column":0},"end":{"line":170,"column":49}},"170":{"start":{"line":171,"column":0},"end":{"line":171,"column":100}},"171":{"start":{"line":172,"column":0},"end":{"line":172,"column":77}},"173":{"start":{"line":174,"column":0},"end":{"line":174,"column":33}},"174":{"start":{"line":175,"column":0},"end":{"line":175,"column":47}},"175":{"start":{"line":176,"column":0},"end":{"line":176,"column":46}},"177":{"start":{"line":178,"column":0},"end":{"line":178,"column":12}},"178":{"start":{"line":179,"column":0},"end":{"line":179,"column":42}},"179":{"start":{"line":180,"column":0},"end":{"line":180,"column":30}},"180":{"start":{"line":181,"column":0},"end":{"line":181,"column":32}},"181":{"start":{"line":182,"column":0},"end":{"line":182,"column":15}},"182":{"start":{"line":183,"column":0},"end":{"line":183,"column":18}},"183":{"start":{"line":184,"column":0},"end":{"line":184,"column":19}},"184":{"start":{"line":185,"column":0},"end":{"line":185,"column":40}},"185":{"start":{"line":186,"column":0},"end":{"line":186,"column":20}},"186":{"start":{"line":187,"column":0},"end":{"line":187,"column":36}},"187":{"start":{"line":188,"column":0},"end":{"line":188,"column":27}},"188":{"start":{"line":189,"column":0},"end":{"line":189,"column":5}},"189":{"start":{"line":190,"column":0},"end":{"line":190,"column":4}},"191":{"start":{"line":192,"column":0},"end":{"line":192,"column":10}},"192":{"start":{"line":193,"column":0},"end":{"line":193,"column":14}},"193":{"start":{"line":194,"column":0},"end":{"line":194,"column":75}},"194":{"start":{"line":195,"column":0},"end":{"line":195,"column":79}},"195":{"start":{"line":196,"column":0},"end":{"line":196,"column":66}},"196":{"start":{"line":197,"column":0},"end":{"line":197,"column":3}},"197":{"start":{"line":198,"column":0},"end":{"line":198,"column":1}}},"s":{"28":1,"29":16,"31":1,"33":1,"34":18,"35":18,"36":16,"37":16,"39":1,"40":29,"41":29,"43":18,"44":18,"45":18,"46":18,"47":18,"48":18,"49":18,"50":18,"51":18,"52":18,"53":18,"54":18,"56":1,"57":8,"58":8,"59":8,"60":8,"61":8,"62":1,"63":1,"64":1,"65":1,"66":1,"67":1,"68":1,"69":1,"70":1,"71":1,"73":7,"74":7,"75":8,"76":8,"77":8,"78":8,"79":8,"80":8,"81":8,"82":8,"83":8,"85":7,"86":7,"88":1,"89":18,"90":18,"92":18,"93":18,"94":1,"95":1,"96":1,"97":1,"98":1,"99":1,"100":1,"102":18,"103":17,"104":17,"105":17,"106":17,"107":18,"109":1,"110":11,"111":11,"112":11,"113":11,"114":11,"115":11,"116":11,"118":11,"119":11,"120":7,"121":7,"122":7,"123":7,"124":7,"125":7,"126":7,"128":11,"129":5,"130":1,"131":1,"132":4,"133":4,"134":4,"135":4,"136":11,"138":1,"139":17,"140":17,"141":17,"142":17,"143":17,"144":17,"145":1,"146":1,"147":1,"148":1,"149":1,"150":1,"151":1,"153":16,"154":17,"155":29,"156":29,"157":18,"158":18,"159":18,"161":29,"162":29,"163":29,"165":15,"166":17,"167":17,"168":17,"169":17,"170":17,"171":17,"173":17,"174":4,"175":13,"177":17,"178":17,"179":17,"180":17,"181":17,"182":17,"183":17,"184":17,"185":17,"186":17,"187":17,"188":17,"189":15,"191":15,"192":15,"193":15,"194":15,"195":15,"196":15,"197":15},"branchMap":{"0":{"type":"branch","line":29,"loc":{"start":{"line":29,"column":19},"end":{"line":30,"column":103}},"locations":[{"start":{"line":29,"column":19},"end":{"line":30,"column":103}}]},"1":{"type":"branch","line":30,"loc":{"start":{"line":30,"column":19},"end":{"line":30,"column":102}},"locations":[{"start":{"line":30,"column":19},"end":{"line":30,"column":102}}]},"2":{"type":"branch","line":32,"loc":{"start":{"line":32,"column":17},"end":{"line":32,"column":85}},"locations":[{"start":{"line":32,"column":17},"end":{"line":32,"column":85}}]},"3":{"type":"branch","line":32,"loc":{"start":{"line":32,"column":54},"end":{"line":32,"column":83}},"locations":[{"start":{"line":32,"column":54},"end":{"line":32,"column":83}}]},"4":{"type":"branch","line":34,"loc":{"start":{"line":34,"column":21},"end":{"line":38,"column":1}},"locations":[{"start":{"line":34,"column":21},"end":{"line":38,"column":1}}]},"5":{"type":"branch","line":36,"loc":{"start":{"line":36,"column":12},"end":{"line":36,"column":20}},"locations":[{"start":{"line":36,"column":12},"end":{"line":36,"column":20}}]},"6":{"type":"branch","line":36,"loc":{"start":{"line":36,"column":19},"end":{"line":38,"column":1}},"locations":[{"start":{"line":36,"column":19},"end":{"line":38,"column":1}}]},"7":{"type":"branch","line":37,"loc":{"start":{"line":37,"column":21},"end":{"line":37,"column":66}},"locations":[{"start":{"line":37,"column":21},"end":{"line":37,"column":66}}]},"8":{"type":"branch","line":40,"loc":{"start":{"line":40,"column":23},"end":{"line":55,"column":1}},"locations":[{"start":{"line":40,"column":23},"end":{"line":55,"column":1}}]},"9":{"type":"branch","line":42,"loc":{"start":{"line":42,"column":16},"end":{"line":42,"column":31}},"locations":[{"start":{"line":42,"column":16},"end":{"line":42,"column":31}}]},"10":{"type":"branch","line":42,"loc":{"start":{"line":42,"column":23},"end":{"line":55,"column":1}},"locations":[{"start":{"line":42,"column":23},"end":{"line":55,"column":1}}]},"11":{"type":"branch","line":57,"loc":{"start":{"line":57,"column":20},"end":{"line":87,"column":1}},"locations":[{"start":{"line":57,"column":20},"end":{"line":87,"column":1}}]},"12":{"type":"branch","line":62,"loc":{"start":{"line":62,"column":42},"end":{"line":72,"column":3}},"locations":[{"start":{"line":62,"column":42},"end":{"line":72,"column":3}}]},"13":{"type":"branch","line":65,"loc":{"start":{"line":65,"column":28},"end":{"line":65,"column":88}},"locations":[{"start":{"line":65,"column":28},"end":{"line":65,"column":88}}]},"14":{"type":"branch","line":72,"loc":{"start":{"line":72,"column":2},"end":{"line":76,"column":24}},"locations":[{"start":{"line":72,"column":2},"end":{"line":76,"column":24}}]},"15":{"type":"branch","line":78,"loc":{"start":{"line":78,"column":14},"end":{"line":78,"column":74}},"locations":[{"start":{"line":78,"column":14},"end":{"line":78,"column":74}}]},"16":{"type":"branch","line":83,"loc":{"start":{"line":83,"column":18},"end":{"line":83,"column":30}},"locations":[{"start":{"line":83,"column":18},"end":{"line":83,"column":30}}]},"17":{"type":"branch","line":84,"loc":{"start":{"line":84,"column":2},"end":{"line":87,"column":1}},"locations":[{"start":{"line":84,"column":2},"end":{"line":87,"column":1}}]},"18":{"type":"branch","line":89,"loc":{"start":{"line":89,"column":17},"end":{"line":108,"column":1}},"locations":[{"start":{"line":89,"column":17},"end":{"line":108,"column":1}}]},"19":{"type":"branch","line":94,"loc":{"start":{"line":94,"column":24},"end":{"line":101,"column":3}},"locations":[{"start":{"line":94,"column":24},"end":{"line":101,"column":3}}]},"20":{"type":"branch","line":103,"loc":{"start":{"line":103,"column":24},"end":{"line":107,"column":3}},"locations":[{"start":{"line":103,"column":24},"end":{"line":107,"column":3}}]},"21":{"type":"branch","line":110,"loc":{"start":{"line":110,"column":18},"end":{"line":137,"column":1}},"locations":[{"start":{"line":110,"column":18},"end":{"line":137,"column":1}}]},"22":{"type":"branch","line":120,"loc":{"start":{"line":120,"column":23},"end":{"line":127,"column":3}},"locations":[{"start":{"line":120,"column":23},"end":{"line":127,"column":3}}]},"23":{"type":"branch","line":129,"loc":{"start":{"line":129,"column":24},"end":{"line":136,"column":3}},"locations":[{"start":{"line":129,"column":24},"end":{"line":136,"column":3}}]},"24":{"type":"branch","line":130,"loc":{"start":{"line":130,"column":21},"end":{"line":132,"column":5}},"locations":[{"start":{"line":130,"column":21},"end":{"line":132,"column":5}}]},"25":{"type":"branch","line":132,"loc":{"start":{"line":132,"column":4},"end":{"line":136,"column":3}},"locations":[{"start":{"line":132,"column":4},"end":{"line":136,"column":3}}]},"26":{"type":"branch","line":139,"loc":{"start":{"line":139,"column":32},"end":{"line":198,"column":1}},"locations":[{"start":{"line":139,"column":32},"end":{"line":198,"column":1}}]},"27":{"type":"branch","line":145,"loc":{"start":{"line":145,"column":27},"end":{"line":152,"column":3}},"locations":[{"start":{"line":145,"column":27},"end":{"line":152,"column":3}}]},"28":{"type":"branch","line":152,"loc":{"start":{"line":152,"column":2},"end":{"line":155,"column":42}},"locations":[{"start":{"line":152,"column":2},"end":{"line":155,"column":42}}]},"29":{"type":"branch","line":155,"loc":{"start":{"line":155,"column":42},"end":{"line":164,"column":3}},"locations":[{"start":{"line":155,"column":42},"end":{"line":164,"column":3}}]},"30":{"type":"branch","line":157,"loc":{"start":{"line":157,"column":41},"end":{"line":160,"column":5}},"locations":[{"start":{"line":157,"column":41},"end":{"line":160,"column":5}}]},"31":{"type":"branch","line":160,"loc":{"start":{"line":160,"column":4},"end":{"line":162,"column":61}},"locations":[{"start":{"line":160,"column":4},"end":{"line":162,"column":61}}]},"32":{"type":"branch","line":162,"loc":{"start":{"line":162,"column":56},"end":{"line":162,"column":66}},"locations":[{"start":{"line":162,"column":56},"end":{"line":162,"column":66}}]},"33":{"type":"branch","line":164,"loc":{"start":{"line":164,"column":2},"end":{"line":198,"column":1}},"locations":[{"start":{"line":164,"column":2},"end":{"line":198,"column":1}}]},"34":{"type":"branch","line":166,"loc":{"start":{"line":166,"column":49},"end":{"line":190,"column":3}},"locations":[{"start":{"line":166,"column":49},"end":{"line":190,"column":3}}]},"35":{"type":"branch","line":170,"loc":{"start":{"line":170,"column":21},"end":{"line":170,"column":42}},"locations":[{"start":{"line":170,"column":21},"end":{"line":170,"column":42}}]},"36":{"type":"branch","line":170,"loc":{"start":{"line":170,"column":31},"end":{"line":170,"column":49}},"locations":[{"start":{"line":170,"column":31},"end":{"line":170,"column":49}}]},"37":{"type":"branch","line":171,"loc":{"start":{"line":171,"column":24},"end":{"line":171,"column":69}},"locations":[{"start":{"line":171,"column":24},"end":{"line":171,"column":69}}]},"38":{"type":"branch","line":171,"loc":{"start":{"line":171,"column":65},"end":{"line":171,"column":100}},"locations":[{"start":{"line":171,"column":65},"end":{"line":171,"column":100}}]},"39":{"type":"branch","line":172,"loc":{"start":{"line":172,"column":54},"end":{"line":172,"column":66}},"locations":[{"start":{"line":172,"column":54},"end":{"line":172,"column":66}}]},"40":{"type":"branch","line":172,"loc":{"start":{"line":172,"column":57},"end":{"line":172,"column":77}},"locations":[{"start":{"line":172,"column":57},"end":{"line":172,"column":77}}]},"41":{"type":"branch","line":174,"loc":{"start":{"line":174,"column":26},"end":{"line":175,"column":47}},"locations":[{"start":{"line":174,"column":26},"end":{"line":175,"column":47}}]},"42":{"type":"branch","line":175,"loc":{"start":{"line":175,"column":39},"end":{"line":176,"column":46}},"locations":[{"start":{"line":175,"column":39},"end":{"line":176,"column":46}}]},"43":{"type":"branch","line":194,"loc":{"start":{"line":194,"column":39},"end":{"line":194,"column":72}},"locations":[{"start":{"line":194,"column":39},"end":{"line":194,"column":72}}]},"44":{"type":"branch","line":195,"loc":{"start":{"line":195,"column":41},"end":{"line":195,"column":76}},"locations":[{"start":{"line":195,"column":41},"end":{"line":195,"column":76}}]},"45":{"type":"branch","line":196,"loc":{"start":{"line":196,"column":32},"end":{"line":196,"column":63}},"locations":[{"start":{"line":196,"column":32},"end":{"line":196,"column":63}}]}},"b":{"0":[16],"1":[13],"2":[82],"3":[46],"4":[18],"5":[2],"6":[16],"7":[18],"8":[29],"9":[11],"10":[18],"11":[8],"12":[1],"13":[0],"14":[7],"15":[0],"16":[4],"17":[7],"18":[18],"19":[1],"20":[17],"21":[11],"22":[7],"23":[5],"24":[1],"25":[4],"26":[17],"27":[1],"28":[16],"29":[29],"30":[18],"31":[11],"32":[0],"33":[15],"34":[17],"35":[4],"36":[13],"37":[4],"38":[13],"39":[9],"40":[8],"41":[4],"42":[13],"43":[17],"44":[17],"45":[17]},"fnMap":{"0":{"name":"sortTrades","decl":{"start":{"line":29,"column":19},"end":{"line":30,"column":103}},"loc":{"start":{"line":29,"column":19},"end":{"line":30,"column":103}},"line":29},"1":{"name":"totalQty","decl":{"start":{"line":32,"column":17},"end":{"line":32,"column":85}},"loc":{"start":{"line":32,"column":17},"end":{"line":32,"column":85}},"line":32},"2":{"name":"averagePrice","decl":{"start":{"line":34,"column":21},"end":{"line":38,"column":1}},"loc":{"start":{"line":34,"column":21},"end":{"line":38,"column":1}},"line":34},"3":{"name":"ensurePosition","decl":{"start":{"line":40,"column":23},"end":{"line":55,"column":1}},"loc":{"start":{"line":40,"column":23},"end":{"line":55,"column":1}},"line":40},"4":{"name":"consumeLots","decl":{"start":{"line":57,"column":20},"end":{"line":87,"column":1}},"loc":{"start":{"line":57,"column":20},"end":{"line":87,"column":1}},"line":57},"5":{"name":"applyBuy","decl":{"start":{"line":89,"column":17},"end":{"line":108,"column":1}},"loc":{"start":{"line":89,"column":17},"end":{"line":108,"column":1}},"line":89},"6":{"name":"applySell","decl":{"start":{"line":110,"column":18},"end":{"line":137,"column":1}},"loc":{"start":{"line":110,"column":18},"end":{"line":137,"column":1}},"line":110},"7":{"name":"computePortfolio","decl":{"start":{"line":139,"column":32},"end":{"line":198,"column":1}},"loc":{"start":{"line":139,"column":32},"end":{"line":198,"column":1}},"line":139}},"f":{"0":16,"1":82,"2":18,"3":29,"4":8,"5":18,"6":11,"7":17}}
}
